<?xml version="1.0" encoding="UTF-8" ?>
<testsuite tests="12" failures="0" name="Runner.TestRunner" time="267.516" errors="0" skipped="0">
  <properties>
[...]
</properties>
  <testcase classname="Runner.TestRunner" name="runScenario" time="26.765"/>
  <testcase classname="Runner.TestRunner" name="runScenario" time="7.775"/>
  <testcase classname="Runner.TestRunner" name="runScenario" time="30.959"/>
  <testcase classname="Runner.TestRunner" name="runScenario" time="7.417"/>
  <testcase classname="Runner.TestRunner" name="runScenario" time="12.149"/>
  <testcase classname="Runner.TestRunner" name="runScenario" time="21.338"/>
  <testcase classname="Runner.TestRunner" name="runScenario" time="11.751"/>
  <testcase classname="Runner.TestRunner" name="runScenario" time="16.957"/>
  <testcase classname="Runner.TestRunner" name="runScenario" time="12.965"/>
  <testcase classname="Runner.TestRunner" name="runScenario" time="15.175"/>
  <testcase classname="Runner.TestRunner" name="runScenario" time="18.994"/>
  <testcase classname="Runner.TestRunner" name="runScenario" time="85.271"/>
</testsuite>