<?xml version="1.0" encoding="UTF-8"?>
<testng-results skipped="0" failed="0" ignored="0" total="12" passed="12">
  <reporter-output>
  </reporter-output>
  <suite name="Runner.TestRunner" duration-ms="306429" started-at="2022-04-24T22:10:34 EET" finished-at="2022-04-24T22:15:41 EET">
    <groups>
      <group name="cucumber">
        <method signature="AbstractTestNGCucumberTests.runScenario(io.cucumber.testng.PickleWrapper,io.cucumber.testng.FeatureWrapper)[pri:0, instance:Runner.TestRunner@27a8c74e]" name="runScenario" class="io.cucumber.testng.AbstractTestNGCucumberTests"/>
      </group> <!-- cucumber -->
    </groups>
    <test name="Command line test" duration-ms="306429" started-at="2022-04-24T22:10:34 EET" finished-at="2022-04-24T22:15:41 EET">
      <class name="Runner.TestRunner">
        <test-method status="PASS" signature="setUpClass(org.testng.ITestContext)[pri:0, instance:Runner.TestRunner@27a8c74e]" name="setUpClass" is-config="true" duration-ms="34319" started-at="2022-04-24T22:10:34 EET" finished-at="2022-04-24T22:11:09 EET">
          <params>
            <param index="0">
              <value>
                <![CDATA[org.testng.TestRunner@4993febc]]>
              </value>
            </param>
          </params>
          <reporter-output>
          </reporter-output>
        </test-method> <!-- setUpClass -->
        <test-method status="PASS" signature="runScenario(io.cucumber.testng.PickleWrapper,io.cucumber.testng.FeatureWrapper)[pri:0, instance:Runner.TestRunner@27a8c74e]" name="runScenario" duration-ms="26740" started-at="2022-04-24T22:11:09 EET" description="Runs Cucumber Scenarios" data-provider="scenarios" finished-at="2022-04-24T22:11:36 EET">
          <params>
            <param index="0">
              <value>
                <![CDATA["User could register with valid data"]]>
              </value>
            </param>
            <param index="1">
              <value>
                <![CDATA["Optional[User able to register to the system]"]]>
              </value>
            </param>
          </params>
          <reporter-output>
          </reporter-output>
        </test-method> <!-- runScenario -->
        <test-method status="PASS" signature="runScenario(io.cucumber.testng.PickleWrapper,io.cucumber.testng.FeatureWrapper)[pri:0, instance:Runner.TestRunner@27a8c74e]" name="runScenario" duration-ms="7780" started-at="2022-04-24T22:11:36 EET" description="Runs Cucumber Scenarios" data-provider="scenarios" finished-at="2022-04-24T22:11:43 EET">
          <params>
            <param index="0">
              <value>
                <![CDATA["switch between currencies US-Euro"]]>
              </value>
            </param>
            <param index="1">
              <value>
                <![CDATA["Optional[switch between currencies US-Euro]"]]>
              </value>
            </param>
          </params>
          <reporter-output>
          </reporter-output>
        </test-method> <!-- runScenario -->
        <test-method status="PASS" signature="runScenario(io.cucumber.testng.PickleWrapper,io.cucumber.testng.FeatureWrapper)[pri:0, instance:Runner.TestRunner@27a8c74e]" name="runScenario" duration-ms="30958" started-at="2022-04-24T22:11:43 EET" description="Runs Cucumber Scenarios" data-provider="scenarios" finished-at="2022-04-24T22:12:14 EET">
          <params>
            <param index="0">
              <value>
                <![CDATA["user could search for any product with fullname"]]>
              </value>
            </param>
            <param index="1">
              <value>
                <![CDATA["Optional[user can search for any product in the system]"]]>
              </value>
            </param>
          </params>
          <reporter-output>
          </reporter-output>
        </test-method> <!-- runScenario -->
        <test-method status="PASS" signature="runScenario(io.cucumber.testng.PickleWrapper,io.cucumber.testng.FeatureWrapper)[pri:0, instance:Runner.TestRunner@27a8c74e]" name="runScenario" duration-ms="7416" started-at="2022-04-24T22:12:14 EET" description="Runs Cucumber Scenarios" data-provider="scenarios" finished-at="2022-04-24T22:12:22 EET">
          <params>
            <param index="0">
              <value>
                <![CDATA["Logged user could select random category then hover and open sub-Category if found"]]>
              </value>
            </param>
            <param index="1">
              <value>
                <![CDATA["Optional[Logged user could select different Categories]"]]>
              </value>
            </param>
          </params>
          <reporter-output>
          </reporter-output>
        </test-method> <!-- runScenario -->
        <test-method status="PASS" signature="runScenario(io.cucumber.testng.PickleWrapper,io.cucumber.testng.FeatureWrapper)[pri:0, instance:Runner.TestRunner@27a8c74e]" name="runScenario" duration-ms="12148" started-at="2022-04-24T22:12:22 EET" description="Runs Cucumber Scenarios" data-provider="scenarios" finished-at="2022-04-24T22:12:34 EET">
          <params>
            <param index="0">
              <value>
                <![CDATA["should select specific category like Apparel > Shoes* then user could filter with color"]]>
              </value>
            </param>
            <param index="1">
              <value>
                <![CDATA["Optional[Logged user could filter with color]"]]>
              </value>
            </param>
          </params>
          <reporter-output>
          </reporter-output>
        </test-method> <!-- runScenario -->
        <test-method status="PASS" signature="runScenario(io.cucumber.testng.PickleWrapper,io.cucumber.testng.FeatureWrapper)[pri:0, instance:Runner.TestRunner@27a8c74e]" name="runScenario" duration-ms="21338" started-at="2022-04-24T22:12:34 EET" description="Runs Cucumber Scenarios" data-provider="scenarios" finished-at="2022-04-24T22:12:55 EET">
          <params>
            <param index="0">
              <value>
                <![CDATA["Logged user could select awesome tag"]]>
              </value>
            </param>
            <param index="1">
              <value>
                <![CDATA["Optional[Logged user could select different tags]"]]>
              </value>
            </param>
          </params>
          <reporter-output>
          </reporter-output>
        </test-method> <!-- runScenario -->
        <test-method status="PASS" signature="runScenario(io.cucumber.testng.PickleWrapper,io.cucumber.testng.FeatureWrapper)[pri:0, instance:Runner.TestRunner@27a8c74e]" name="runScenario" duration-ms="11751" started-at="2022-04-24T22:12:55 EET" description="Runs Cucumber Scenarios" data-provider="scenarios" finished-at="2022-04-24T22:13:07 EET">
          <params>
            <param index="0">
              <value>
                <![CDATA["User could reset his/her password successfully"]]>
              </value>
            </param>
            <param index="1">
              <value>
                <![CDATA["Optional[User could reset his/her password successfully]"]]>
              </value>
            </param>
          </params>
          <reporter-output>
          </reporter-output>
        </test-method> <!-- runScenario -->
        <test-method status="PASS" signature="runScenario(io.cucumber.testng.PickleWrapper,io.cucumber.testng.FeatureWrapper)[pri:0, instance:Runner.TestRunner@27a8c74e]" name="runScenario" duration-ms="16957" started-at="2022-04-24T22:13:07 EET" description="Runs Cucumber Scenarios" data-provider="scenarios" finished-at="2022-04-24T22:13:24 EET">
          <params>
            <param index="0">
              <value>
                <![CDATA["check login is successful with valid credentials"]]>
              </value>
            </param>
            <param index="1">
              <value>
                <![CDATA["Optional[feature to test login functionality]"]]>
              </value>
            </param>
          </params>
          <reporter-output>
          </reporter-output>
        </test-method> <!-- runScenario -->
        <test-method status="PASS" signature="runScenario(io.cucumber.testng.PickleWrapper,io.cucumber.testng.FeatureWrapper)[pri:0, instance:Runner.TestRunner@27a8c74e]" name="runScenario" duration-ms="12965" started-at="2022-04-24T22:13:24 EET" description="Runs Cucumber Scenarios" data-provider="scenarios" finished-at="2022-04-24T22:13:37 EET">
          <params>
            <param index="0">
              <value>
                <![CDATA["Logged user could add different products to Wishlist"]]>
              </value>
            </param>
            <param index="1">
              <value>
                <![CDATA["Optional[Logged user could add different products to Wishlist]"]]>
              </value>
            </param>
          </params>
          <reporter-output>
          </reporter-output>
        </test-method> <!-- runScenario -->
        <test-method status="PASS" signature="runScenario(io.cucumber.testng.PickleWrapper,io.cucumber.testng.FeatureWrapper)[pri:0, instance:Runner.TestRunner@27a8c74e]" name="runScenario" duration-ms="15175" started-at="2022-04-24T22:13:37 EET" description="Runs Cucumber Scenarios" data-provider="scenarios" finished-at="2022-04-24T22:13:52 EET">
          <params>
            <param index="0">
              <value>
                <![CDATA["Logged user could add different products to compare list"]]>
              </value>
            </param>
            <param index="1">
              <value>
                <![CDATA["Optional[Logged user could add different products to compare list]"]]>
              </value>
            </param>
          </params>
          <reporter-output>
          </reporter-output>
        </test-method> <!-- runScenario -->
        <test-method status="PASS" signature="runScenario(io.cucumber.testng.PickleWrapper,io.cucumber.testng.FeatureWrapper)[pri:0, instance:Runner.TestRunner@27a8c74e]" name="runScenario" duration-ms="18994" started-at="2022-04-24T22:13:52 EET" description="Runs Cucumber Scenarios" data-provider="scenarios" finished-at="2022-04-24T22:14:11 EET">
          <params>
            <param index="0">
              <value>
                <![CDATA["Logged user could add different products to Shopping cart"]]>
              </value>
            </param>
            <param index="1">
              <value>
                <![CDATA["Optional[Logged user could add different products to Shopping cart]"]]>
              </value>
            </param>
          </params>
          <reporter-output>
          </reporter-output>
        </test-method> <!-- runScenario -->
        <test-method status="PASS" signature="runScenario(io.cucumber.testng.PickleWrapper,io.cucumber.testng.FeatureWrapper)[pri:0, instance:Runner.TestRunner@27a8c74e]" name="runScenario" duration-ms="85271" started-at="2022-04-24T22:14:11 EET" description="Runs Cucumber Scenarios" data-provider="scenarios" finished-at="2022-04-24T22:15:36 EET">
          <params>
            <param index="0">
              <value>
                <![CDATA["Create successful Order"]]>
              </value>
            </param>
            <param index="1">
              <value>
                <![CDATA["Optional[Create successful Order]"]]>
              </value>
            </param>
          </params>
          <reporter-output>
          </reporter-output>
        </test-method> <!-- runScenario -->
        <test-method status="PASS" signature="tearDownClass()[pri:0, instance:Runner.TestRunner@27a8c74e]" name="tearDownClass" is-config="true" duration-ms="4312" started-at="2022-04-24T22:15:36 EET" finished-at="2022-04-24T22:15:41 EET">
          <reporter-output>
          </reporter-output>
        </test-method> <!-- tearDownClass -->
      </class> <!-- Runner.TestRunner -->
    </test> <!-- Command line test -->
  </suite> <!-- Runner.TestRunner -->
</testng-results>
